[INFO -- 2018-12-03 17:12:30]
Starting flip_value script
version: 1.1
[INFO -- 2018-12-03 17:12:30]
Initialization strings:
[INFO -- 2018-12-03 17:12:31]
(1) file /home/latansini/carol-fi/carol-fi/codes/nnfulldup/nn-knl-files/nn
[INFO -- 2018-12-03 17:12:31]
(2) set args /home/latansini/carol-fi/carol-fi/codes/nnfulldup/nn-knl-files/filelist 20 5 5 /home/latansini/carol-fi/carol-fi/codes/nnfulldup/nn-knl-files/out20_5_5
[INFO -- 2018-12-03 17:12:31]
initSignal:0
[INFO -- 2018-12-03 17:12:31]
endSignal:2
[INFO -- 2018-12-03 17:12:31]
faultModel:1
[EXCEPTION -- 2018-12-03 17:12:32]
pythonException: invalid frame
[EXCEPTION -- 2018-12-03 17:12:32]
pythonException: invalid frame
[EXCEPTION -- 2018-12-03 17:12:32]
pythonException: invalid frame
[EXCEPTION -- 2018-12-03 17:12:32]
pythonException: invalid frame
[EXCEPTION -- 2018-12-03 17:12:32]
gdbException: A syntax error in expression, near `...'.
[EXCEPTION -- 2018-12-03 17:12:32]
pythonException: invalid frame
[EXCEPTION -- 2018-12-03 17:12:32]
pythonException: invalid frame
[EXCEPTION -- 2018-12-03 17:12:32]
pythonException: invalid frame
[EXCEPTION -- 2018-12-03 17:12:32]
gdbException: A syntax error in expression, near `...'.
[EXCEPTION -- 2018-12-03 17:12:32]
pythonException: invalid frame
[EXCEPTION -- 2018-12-03 17:12:32]
pythonException: invalid frame
[EXCEPTION -- 2018-12-03 17:12:32]
pythonException: invalid frame
[EXCEPTION -- 2018-12-03 17:12:32]
pythonException: invalid frame
[EXCEPTION -- 2018-12-03 17:12:32]
pythonException: invalid frame
[EXCEPTION -- 2018-12-03 17:12:32]
pythonException: invalid frame
[EXCEPTION -- 2018-12-03 17:12:32]
pythonException: invalid frame
[EXCEPTION -- 2018-12-03 17:12:32]
pythonException: invalid frame
[EXCEPTION -- 2018-12-03 17:12:32]
pythonException: invalid frame
[EXCEPTION -- 2018-12-03 17:12:32]
pythonException: invalid frame
[EXCEPTION -- 2018-12-03 17:12:32]
pythonException: invalid frame
[EXCEPTION -- 2018-12-03 17:12:32]
pythonException: invalid frame
[EXCEPTION -- 2018-12-03 17:12:32]
gdbException: A syntax error in expression, near `...'.
[EXCEPTION -- 2018-12-03 17:12:32]
pythonException: invalid frame
[EXCEPTION -- 2018-12-03 17:12:32]
pythonException: invalid frame
[EXCEPTION -- 2018-12-03 17:12:32]
pythonException: invalid frame
[INFO -- 2018-12-03 17:12:32]
Backtrace BEGIN:
#0  0x00007ffff78d4c9e in ?? () from /usr/lib/x86_64-linux-gnu/libgomp.so.1
#1  0x00007ffff78d26f0 in ?? () from /usr/lib/x86_64-linux-gnu/libgomp.so.1
#2  0x00007ffff76b0064 in start_thread (arg=0x7ffff42f6700) at pthread_create.c:309
#3  0x00007ffff73e562d in clone () at ../sysdeps/unix/sysv/linux/x86_64/clone.S:111

198	    compare_output(data1, data2, k);
199	
200	    save_output(data1, gold_filename, k);
201	
202	    return 0;
203	}
204	

Backtrace END
Memory content before bitflip:0x000x000xa00x40
Fault Model: Double bit-flip
base address to flip value: 0x7fffffffe17c
address max offset: 4
Memory content after  bitflip:0x000xc00xa00x40
frame name: nn_wrapper
symbol name: target_long
symbol filename: nn.c
symbol line: 28
value: 5.0234375
value address: 0x7fffffffe17c
Type: A floating point type.
Type sizeof: 4

[INFO -- 2018-12-03 17:12:32]
Fault Injection Successful after 1.53576302528s
[INFO -- 2018-12-03 17:12:33]
event type: exit
[INFO -- 2018-12-03 17:12:33]
exit code: 0
